<?xml version="1.0" encoding="UTF-8"?>
<!-- Generated by org.testng.reporters.JUnitReportReporter -->
<testsuite hostname="DESKTOP-3FEVTCJ" failures="0" tests="1" name="demo.test" time="0.032" errors="0" timestamp="2023-08-28T15:11:00 IST" skipped="0">
  <testcase classname="demo.test" name="get" time="0.032"/>
</testsuite> <!-- demo.test -->
