<?xml version="1.0" encoding="UTF-8"?>
<!-- Generated by org.testng.reporters.JUnitReportReporter -->
<testsuite hostname="DESKTOP-3FEVTCJ" failures="0" tests="1" name="examples.Baseclass" time="0.051" errors="0" timestamp="2023-08-29T10:40:53 IST" skipped="0">
  <testcase classname="examples.Baseclass" name="equals" time="0.051"/>
</testsuite> <!-- examples.Baseclass -->
