<?xml version="1.0" encoding="UTF-8"?>
<!-- Generated by org.testng.reporters.JUnitReportReporter -->
<testsuite hostname="DESKTOP-3FEVTCJ" failures="0" tests="1" name="testCases.Logintestcase" time="1.259" errors="0" timestamp="2023-09-05T17:07:20 IST" skipped="0">
  <testcase classname="testCases.Logintestcase" name="login" time="1.259"/>
</testsuite> <!-- testCases.Logintestcase -->
