<?xml version="1.0" encoding="UTF-8"?>
<!-- Generated by org.testng.reporters.JUnitReportReporter -->
<testsuite hostname="DESKTOP-3FEVTCJ" failures="0" tests="1" name="testCases.ProductTC" time="9.415" errors="0" timestamp="2023-09-05T17:07:20 IST" skipped="0">
  <testcase classname="testCases.ProductTC" name="product" time="9.415"/>
</testsuite> <!-- testCases.ProductTC -->
