<?xml version="1.0" encoding="UTF-8"?>
<!-- Generated by org.testng.reporters.JUnitReportReporter -->
<testsuite hostname="DESKTOP-3FEVTCJ" failures="0" tests="1" name="demo.EnableGoogle" time="9.236" errors="0" timestamp="2023-08-28T16:45:08 IST" skipped="0">
  <testcase classname="demo.EnableGoogle" name="get" time="9.236"/>
</testsuite> <!-- demo.EnableGoogle -->
